<?xml version="1.0" encoding="UTF-8"?>
<!-- Generated by org.testng.reporters.JUnitXMLReporter -->
<testsuite hostname="LAPTOP-D46I84LS" ignored="0" name="Test" tests="4" failures="0" timestamp="2020-11-03T01:59:46 IST" time="0.069" errors="0">
  <testcase name="nativeAppAndroid" time="0.007" classname="rahulshettyacademy.AppiumTest"/>
  <testcase name="nativeAppIos" time="0.002" classname="rahulshettyacademy.AppiumTest"/>
  <testcase name="deleteTwitter" time="0.0" classname="rahulshettyacademy.RestAssuredTest"/>
  <testcase name="posJira" time="0.001" classname="rahulshettyacademy.RestAssuredTest"/>
</testsuite> <!-- Test -->
